[0.426s] Invoking command in '/home/sidharth/raju_brain_ws/src/raju_brain': PYTHONPATH=/home/sidharth/raju_brain_ws/build/raju_brain/prefix_override:/usr/lib/python3/dist-packages/colcon_core/task/python/colcon_distutils_commands:/home/sidharth/raju_brain_ws/install/raju_brain/lib/python3.10/site-packages:${PYTHONPATH} /usr/bin/python3 -W ignore:setup.py install is deprecated -W ignore:easy_install command is deprecated setup.py egg_info --egg-base ../../build/raju_brain build --build-base /home/sidharth/raju_brain_ws/build/raju_brain/build install --record /home/sidharth/raju_brain_ws/build/raju_brain/install.log --single-version-externally-managed install_data
[0.573s] running egg_info
[0.573s] writing ../../build/raju_brain/raju_brain.egg-info/PKG-INFO
[0.573s] writing dependency_links to ../../build/raju_brain/raju_brain.egg-info/dependency_links.txt
[0.573s] writing entry points to ../../build/raju_brain/raju_brain.egg-info/entry_points.txt
[0.573s] writing requirements to ../../build/raju_brain/raju_brain.egg-info/requires.txt
[0.573s] writing top-level names to ../../build/raju_brain/raju_brain.egg-info/top_level.txt
[0.574s] reading manifest file '../../build/raju_brain/raju_brain.egg-info/SOURCES.txt'
[0.575s] writing manifest file '../../build/raju_brain/raju_brain.egg-info/SOURCES.txt'
[0.575s] running build
[0.575s] running build_py
[0.575s] running install
[0.575s] running install_lib
[0.576s] running install_data
[0.576s] running install_egg_info
[0.577s] removing '/home/sidharth/raju_brain_ws/install/raju_brain/lib/python3.10/site-packages/raju_brain-0.0.0-py3.10.egg-info' (and everything under it)
[0.577s] Copying ../../build/raju_brain/raju_brain.egg-info to /home/sidharth/raju_brain_ws/install/raju_brain/lib/python3.10/site-packages/raju_brain-0.0.0-py3.10.egg-info
[0.577s] running install_scripts
[0.590s] Installing hand_servo_publisher script to /home/sidharth/raju_brain_ws/install/raju_brain/lib/raju_brain
[0.590s] Installing raju_brain script to /home/sidharth/raju_brain_ws/install/raju_brain/lib/raju_brain
[0.591s] writing list of installed files to '/home/sidharth/raju_brain_ws/build/raju_brain/install.log'
[0.606s] Invoked command in '/home/sidharth/raju_brain_ws/src/raju_brain' returned '0': PYTHONPATH=/home/sidharth/raju_brain_ws/build/raju_brain/prefix_override:/usr/lib/python3/dist-packages/colcon_core/task/python/colcon_distutils_commands:/home/sidharth/raju_brain_ws/install/raju_brain/lib/python3.10/site-packages:${PYTHONPATH} /usr/bin/python3 -W ignore:setup.py install is deprecated -W ignore:easy_install command is deprecated setup.py egg_info --egg-base ../../build/raju_brain build --build-base /home/sidharth/raju_brain_ws/build/raju_brain/build install --record /home/sidharth/raju_brain_ws/build/raju_brain/install.log --single-version-externally-managed install_data
