[1.909s] Invoking command in '/home/sidharth/raju_brain_ws/src/raju_brain': PYTHONPATH=/home/sidharth/raju_brain_ws/build/raju_brain/prefix_override:/usr/lib/python3/dist-packages/colcon_core/task/python/colcon_distutils_commands:/home/sidharth/raju_brain_ws/install/raju_brain/lib/python3.10/site-packages:${PYTHONPATH} /usr/bin/python3 -W ignore:setup.py install is deprecated -W ignore:easy_install command is deprecated setup.py egg_info --egg-base ../../build/raju_brain build --build-base /home/sidharth/raju_brain_ws/build/raju_brain/build install --record /home/sidharth/raju_brain_ws/build/raju_brain/install.log --single-version-externally-managed install_data
[2.563s] running egg_info
[2.565s] writing ../../build/raju_brain/raju_brain.egg-info/PKG-INFO
[2.571s] writing dependency_links to ../../build/raju_brain/raju_brain.egg-info/dependency_links.txt
[2.572s] writing entry points to ../../build/raju_brain/raju_brain.egg-info/entry_points.txt
[2.572s] writing requirements to ../../build/raju_brain/raju_brain.egg-info/requires.txt
[2.572s] writing top-level names to ../../build/raju_brain/raju_brain.egg-info/top_level.txt
[2.577s] reading manifest file '../../build/raju_brain/raju_brain.egg-info/SOURCES.txt'
[2.580s] writing manifest file '../../build/raju_brain/raju_brain.egg-info/SOURCES.txt'
[2.580s] running build
[2.580s] running build_py
[2.581s] running install
[2.582s] running install_lib
[2.585s] running install_data
[2.585s] running install_egg_info
[2.590s] removing '/home/sidharth/raju_brain_ws/install/raju_brain/lib/python3.10/site-packages/raju_brain-0.0.0-py3.10.egg-info' (and everything under it)
[2.591s] Copying ../../build/raju_brain/raju_brain.egg-info to /home/sidharth/raju_brain_ws/install/raju_brain/lib/python3.10/site-packages/raju_brain-0.0.0-py3.10.egg-info
[2.592s] running install_scripts
[2.646s] Installing raju_brain script to /home/sidharth/raju_brain_ws/install/raju_brain/lib/raju_brain
[2.647s] writing list of installed files to '/home/sidharth/raju_brain_ws/build/raju_brain/install.log'
[2.696s] Invoked command in '/home/sidharth/raju_brain_ws/src/raju_brain' returned '0': PYTHONPATH=/home/sidharth/raju_brain_ws/build/raju_brain/prefix_override:/usr/lib/python3/dist-packages/colcon_core/task/python/colcon_distutils_commands:/home/sidharth/raju_brain_ws/install/raju_brain/lib/python3.10/site-packages:${PYTHONPATH} /usr/bin/python3 -W ignore:setup.py install is deprecated -W ignore:easy_install command is deprecated setup.py egg_info --egg-base ../../build/raju_brain build --build-base /home/sidharth/raju_brain_ws/build/raju_brain/build install --record /home/sidharth/raju_brain_ws/build/raju_brain/install.log --single-version-externally-managed install_data
