running egg_info
writing ../../build/raju_brain/raju_brain.egg-info/PKG-INFO
writing dependency_links to ../../build/raju_brain/raju_brain.egg-info/dependency_links.txt
writing entry points to ../../build/raju_brain/raju_brain.egg-info/entry_points.txt
writing requirements to ../../build/raju_brain/raju_brain.egg-info/requires.txt
writing top-level names to ../../build/raju_brain/raju_brain.egg-info/top_level.txt
reading manifest file '../../build/raju_brain/raju_brain.egg-info/SOURCES.txt'
writing manifest file '../../build/raju_brain/raju_brain.egg-info/SOURCES.txt'
running build
running build_py
copying raju_brain/brain_node.py -> /home/sidharth/raju_brain_ws/build/raju_brain/build/lib/raju_brain
running install
running install_lib
copying /home/sidharth/raju_brain_ws/build/raju_brain/build/lib/raju_brain/brain_node.py -> /home/sidharth/raju_brain_ws/install/raju_brain/lib/python3.10/site-packages/raju_brain
byte-compiling /home/sidharth/raju_brain_ws/install/raju_brain/lib/python3.10/site-packages/raju_brain/brain_node.py to brain_node.cpython-310.pyc
running install_data
running install_egg_info
removing '/home/sidharth/raju_brain_ws/install/raju_brain/lib/python3.10/site-packages/raju_brain-0.0.0-py3.10.egg-info' (and everything under it)
Copying ../../build/raju_brain/raju_brain.egg-info to /home/sidharth/raju_brain_ws/install/raju_brain/lib/python3.10/site-packages/raju_brain-0.0.0-py3.10.egg-info
running install_scripts
Installing raju_brain script to /home/sidharth/raju_brain_ws/install/raju_brain/lib/raju_brain
writing list of installed files to '/home/sidharth/raju_brain_ws/build/raju_brain/install.log'
